-- The C compiler identification is GNU 11.4.0
-- The CXX compiler identification is GNU 11.4.0
-- Detecting C compiler ABI info
-- Detecting C compiler ABI info - done
-- Check for working C compiler: /usr/bin/cc - skipped
-- Detecting C compile features
-- Detecting C compile features - done
-- Detecting CXX compiler ABI info
-- Detecting CXX compiler ABI info - done
-- Check for working CXX compiler: /usr/bin/c++ - skipped
-- Detecting CXX compile features
-- Detecting CXX compile features - done
-- Found ament_cmake: 1.3.12 (/opt/ros/humble/share/ament_cmake/cmake)
-- Found Python3: /usr/bin/python3 (found version "3.10.12") found components: Interpreter 
-- Found std_msgs: 4.9.0 (/opt/ros/humble/share/std_msgs/cmake)
-- Found rosidl_generator_c: 3.1.7 (/opt/ros/humble/share/rosidl_generator_c/cmake)
-- Found rosidl_adapter: 3.1.7 (/opt/ros/humble/share/rosidl_adapter/cmake)
-- Found rosidl_generator_cpp: 3.1.7 (/opt/ros/humble/share/rosidl_generator_cpp/cmake)
-- Using all available rosidl_typesupport_c: rosidl_typesupport_fastrtps_c;rosidl_typesupport_introspection_c
-- Using all available rosidl_typesupport_cpp: rosidl_typesupport_fastrtps_cpp;rosidl_typesupport_introspection_cpp
-- Found ament_lint_auto: 0.12.14 (/opt/ros/humble/share/ament_lint_auto/cmake)
-- Found rosidl_default_generators: 1.2.0 (/opt/ros/humble/share/rosidl_default_generators/cmake)
-- Found ament_cmake_ros: 0.10.0 (/opt/ros/humble/share/ament_cmake_ros/cmake)
-- Using all available rosidl_typesupport_c: rosidl_typesupport_fastrtps_c;rosidl_typesupport_introspection_c
-- Using all available rosidl_typesupport_cpp: rosidl_typesupport_fastrtps_cpp;rosidl_typesupport_introspection_cpp
-- Found PythonInterp: /usr/bin/python3 (found suitable version "3.10.12", minimum required is "3.6") 
-- Found python_cmake_module: 0.10.0 (/opt/ros/humble/share/python_cmake_module/cmake)
-- Found PythonLibs: /usr/lib/x86_64-linux-gnu/libpython3.10.so (found suitable version "3.10.12", minimum required is "3.5") 
-- Using PYTHON_EXECUTABLE: /usr/bin/python3
-- Using PYTHON_INCLUDE_DIRS: /usr/include/python3.10
-- Using PYTHON_LIBRARIES: /usr/lib/x86_64-linux-gnu/libpython3.10.so
-- Found PythonExtra: .so  
-- Added test 'copyright' to check source files copyright and LICENSE
-- Added test 'cppcheck' to perform static code analysis on C / C++ code
-- Configured cppcheck include dirs: $<BUILD_INTERFACE:/home/shucdong/workspace/xl/imu_parser/imu_msgs/build/imu_msgs/rosidl_generator_c>;$<BUILD_INTERFACE:/home/shucdong/workspace/xl/imu_parser/imu_msgs/build/imu_msgs/rosidl_typesupport_fastrtps_c>;$<BUILD_INTERFACE:/home/shucdong/workspace/xl/imu_parser/imu_msgs/build/imu_msgs/rosidl_generator_cpp>;$<BUILD_INTERFACE:/home/shucdong/workspace/xl/imu_parser/imu_msgs/build/imu_msgs/rosidl_typesupport_fastrtps_cpp>;$<BUILD_INTERFACE:/home/shucdong/workspace/xl/imu_parser/imu_msgs/build/imu_msgs/rosidl_typesupport_introspection_c>;$<BUILD_INTERFACE:/home/shucdong/workspace/xl/imu_parser/imu_msgs/build/imu_msgs/rosidl_typesupport_introspection_cpp>;/home/shucdong/workspace/xl/imu_parser/imu_msgs/build/imu_msgs/rosidl_generator_c;/home/shucdong/workspace/xl/imu_parser/imu_msgs/build/imu_msgs/rosidl_generator_py
-- Configured cppcheck exclude dirs and/or files: 
-- Added test 'cpplint' to check C / C++ code against the Google style
-- Configured cpplint exclude dirs and/or files: 
-- Added test 'flake8' to check Python code syntax and style conventions
-- Added test 'lint_cmake' to check CMake code style
-- Added test 'pep257' to check Python code against some of the docstring style conventions in PEP 257
-- Added test 'uncrustify' to check C / C++ code style
-- Configured uncrustify additional arguments: 
-- Added test 'xmllint' to check XML markup files
-- Configuring done
-- Generating done
-- Build files have been written to: /home/shucdong/workspace/xl/imu_parser/imu_msgs/build/imu_msgs
[  1%] [34m[1mGenerating C code for ROS interfaces[0m
[  2%] [34m[1mGenerating C++ code for ROS interfaces[0m
[  2%] Built target ament_cmake_python_copy_imu_msgs
running egg_info
creating imu_msgs.egg-info
writing imu_msgs.egg-info/PKG-INFO
writing dependency_links to imu_msgs.egg-info/dependency_links.txt
writing top-level names to imu_msgs.egg-info/top_level.txt
writing manifest file 'imu_msgs.egg-info/SOURCES.txt'
reading manifest file 'imu_msgs.egg-info/SOURCES.txt'
writing manifest file 'imu_msgs.egg-info/SOURCES.txt'
[  2%] Built target ament_cmake_python_build_imu_msgs_egg
[  3%] [32mBuilding C object CMakeFiles/imu_msgs__rosidl_generator_c.dir/rosidl_generator_c/imu_msgs/msg/detail/asensing__functions.c.o[0m
[  5%] [32mBuilding C object CMakeFiles/imu_msgs__rosidl_generator_c.dir/rosidl_generator_c/imu_msgs/msg/detail/imu_initial__functions.c.o[0m
[  5%] [32mBuilding C object CMakeFiles/imu_msgs__rosidl_generator_c.dir/rosidl_generator_c/imu_msgs/msg/detail/imu__functions.c.o[0m
[  6%] [32mBuilding C object CMakeFiles/imu_msgs__rosidl_generator_c.dir/rosidl_generator_c/imu_msgs/msg/detail/imu04__functions.c.o[0m
[  8%] [32mBuilding C object CMakeFiles/imu_msgs__rosidl_generator_c.dir/rosidl_generator_c/imu_msgs/msg/detail/imu0_a__functions.c.o[0m
[  9%] [32mBuilding C object CMakeFiles/imu_msgs__rosidl_generator_c.dir/rosidl_generator_c/imu_msgs/msg/detail/odom__functions.c.o[0m
[ 10%] [32mBuilding C object CMakeFiles/imu_msgs__rosidl_generator_c.dir/rosidl_generator_c/imu_msgs/msg/detail/gnss__functions.c.o[0m
[ 11%] [32mBuilding C object CMakeFiles/imu_msgs__rosidl_generator_c.dir/rosidl_generator_c/imu_msgs/msg/detail/imu8_b__functions.c.o[0m
[ 11%] Built target imu_msgs__cpp
[ 12%] [34m[1mGenerating C++ type support dispatch for ROS interfaces[0m
[ 13%] [34m[1mGenerating C++ type support for eProsima Fast-RTPS[0m
[ 14%] [34m[1mGenerating C++ introspection for ROS interfaces[0m
[ 16%] [32m[1mLinking C shared library libimu_msgs__rosidl_generator_c.so[0m
[ 16%] Built target imu_msgs__rosidl_generator_c
[ 18%] [34m[1mGenerating C introspection for ROS interfaces[0m
[ 18%] [34m[1mGenerating C type support dispatch for ROS interfaces[0m
[ 19%] [34m[1mGenerating C type support for eProsima Fast-RTPS[0m
[ 20%] [32mBuilding CXX object CMakeFiles/imu_msgs__rosidl_typesupport_cpp.dir/rosidl_typesupport_cpp/imu_msgs/msg/asensing__type_support.cpp.o[0m
[ 24%] [32mBuilding CXX object CMakeFiles/imu_msgs__rosidl_typesupport_cpp.dir/rosidl_typesupport_cpp/imu_msgs/msg/imu__type_support.cpp.o[0m
[ 24%] [32mBuilding CXX object CMakeFiles/imu_msgs__rosidl_typesupport_cpp.dir/rosidl_typesupport_cpp/imu_msgs/msg/imu_initial__type_support.cpp.o[0m
[ 24%] [32mBuilding CXX object CMakeFiles/imu_msgs__rosidl_typesupport_cpp.dir/rosidl_typesupport_cpp/imu_msgs/msg/imu0_a__type_support.cpp.o[0m
[ 25%] [32mBuilding CXX object CMakeFiles/imu_msgs__rosidl_typesupport_cpp.dir/rosidl_typesupport_cpp/imu_msgs/msg/gnss__type_support.cpp.o[0m
[ 26%] [32mBuilding CXX object CMakeFiles/imu_msgs__rosidl_typesupport_cpp.dir/rosidl_typesupport_cpp/imu_msgs/msg/imu04__type_support.cpp.o[0m
[ 27%] [32mBuilding CXX object CMakeFiles/imu_msgs__rosidl_typesupport_cpp.dir/rosidl_typesupport_cpp/imu_msgs/msg/imu8_b__type_support.cpp.o[0m
[ 28%] [32mBuilding CXX object CMakeFiles/imu_msgs__rosidl_typesupport_cpp.dir/rosidl_typesupport_cpp/imu_msgs/msg/odom__type_support.cpp.o[0m
[ 31%] [32mBuilding CXX object CMakeFiles/imu_msgs__rosidl_typesupport_introspection_cpp.dir/rosidl_typesupport_introspection_cpp/imu_msgs/msg/detail/imu_initial__type_support.cpp.o[0m
[ 31%] [32mBuilding CXX object CMakeFiles/imu_msgs__rosidl_typesupport_introspection_cpp.dir/rosidl_typesupport_introspection_cpp/imu_msgs/msg/detail/imu__type_support.cpp.o[0m
[ 32%] [32mBuilding CXX object CMakeFiles/imu_msgs__rosidl_typesupport_introspection_cpp.dir/rosidl_typesupport_introspection_cpp/imu_msgs/msg/detail/asensing__type_support.cpp.o[0m
[ 33%] [32mBuilding CXX object CMakeFiles/imu_msgs__rosidl_typesupport_introspection_cpp.dir/rosidl_typesupport_introspection_cpp/imu_msgs/msg/detail/gnss__type_support.cpp.o[0m
[ 34%] [32mBuilding CXX object CMakeFiles/imu_msgs__rosidl_typesupport_introspection_cpp.dir/rosidl_typesupport_introspection_cpp/imu_msgs/msg/detail/imu04__type_support.cpp.o[0m
[ 36%] [32mBuilding CXX object CMakeFiles/imu_msgs__rosidl_typesupport_introspection_cpp.dir/rosidl_typesupport_introspection_cpp/imu_msgs/msg/detail/imu8_b__type_support.cpp.o[0m
[ 36%] [32mBuilding CXX object CMakeFiles/imu_msgs__rosidl_typesupport_introspection_cpp.dir/rosidl_typesupport_introspection_cpp/imu_msgs/msg/detail/odom__type_support.cpp.o[0m
[ 37%] [32mBuilding CXX object CMakeFiles/imu_msgs__rosidl_typesupport_introspection_cpp.dir/rosidl_typesupport_introspection_cpp/imu_msgs/msg/detail/imu0_a__type_support.cpp.o[0m
[ 40%] [32mBuilding CXX object CMakeFiles/imu_msgs__rosidl_typesupport_c.dir/rosidl_typesupport_c/imu_msgs/msg/asensing__type_support.cpp.o[0m
[ 40%] [32mBuilding CXX object CMakeFiles/imu_msgs__rosidl_typesupport_c.dir/rosidl_typesupport_c/imu_msgs/msg/imu__type_support.cpp.o[0m
[ 41%] [32mBuilding CXX object CMakeFiles/imu_msgs__rosidl_typesupport_c.dir/rosidl_typesupport_c/imu_msgs/msg/gnss__type_support.cpp.o[0m
[ 43%] [32mBuilding CXX object CMakeFiles/imu_msgs__rosidl_typesupport_c.dir/rosidl_typesupport_c/imu_msgs/msg/imu_initial__type_support.cpp.o[0m
[ 43%] [32mBuilding CXX object CMakeFiles/imu_msgs__rosidl_typesupport_c.dir/rosidl_typesupport_c/imu_msgs/msg/imu04__type_support.cpp.o[0m
[ 44%] [32mBuilding CXX object CMakeFiles/imu_msgs__rosidl_typesupport_c.dir/rosidl_typesupport_c/imu_msgs/msg/odom__type_support.cpp.o[0m
[ 47%] [32mBuilding CXX object CMakeFiles/imu_msgs__rosidl_typesupport_c.dir/rosidl_typesupport_c/imu_msgs/msg/imu0_a__type_support.cpp.o[0m
[ 47%] [32mBuilding CXX object CMakeFiles/imu_msgs__rosidl_typesupport_c.dir/rosidl_typesupport_c/imu_msgs/msg/imu8_b__type_support.cpp.o[0m
[ 48%] [32m[1mLinking CXX shared library libimu_msgs__rosidl_typesupport_c.so[0m
[ 49%] [32mBuilding CXX object CMakeFiles/imu_msgs__rosidl_typesupport_fastrtps_cpp.dir/rosidl_typesupport_fastrtps_cpp/imu_msgs/msg/detail/dds_fastrtps/asensing__type_support.cpp.o[0m
[ 50%] [32mBuilding CXX object CMakeFiles/imu_msgs__rosidl_typesupport_fastrtps_cpp.dir/rosidl_typesupport_fastrtps_cpp/imu_msgs/msg/detail/dds_fastrtps/imu__type_support.cpp.o[0m
[ 51%] [32mBuilding CXX object CMakeFiles/imu_msgs__rosidl_typesupport_fastrtps_cpp.dir/rosidl_typesupport_fastrtps_cpp/imu_msgs/msg/detail/dds_fastrtps/imu04__type_support.cpp.o[0m
[ 52%] [32mBuilding CXX object CMakeFiles/imu_msgs__rosidl_typesupport_fastrtps_cpp.dir/rosidl_typesupport_fastrtps_cpp/imu_msgs/msg/detail/dds_fastrtps/imu_initial__type_support.cpp.o[0m
[ 54%] [32mBuilding CXX object CMakeFiles/imu_msgs__rosidl_typesupport_fastrtps_cpp.dir/rosidl_typesupport_fastrtps_cpp/imu_msgs/msg/detail/dds_fastrtps/imu0_a__type_support.cpp.o[0m
[ 55%] [32mBuilding CXX object CMakeFiles/imu_msgs__rosidl_typesupport_fastrtps_cpp.dir/rosidl_typesupport_fastrtps_cpp/imu_msgs/msg/detail/dds_fastrtps/gnss__type_support.cpp.o[0m
[ 56%] [32mBuilding CXX object CMakeFiles/imu_msgs__rosidl_typesupport_fastrtps_cpp.dir/rosidl_typesupport_fastrtps_cpp/imu_msgs/msg/detail/dds_fastrtps/imu8_b__type_support.cpp.o[0m
[ 57%] [32mBuilding C object CMakeFiles/imu_msgs__rosidl_typesupport_introspection_c.dir/rosidl_typesupport_introspection_c/imu_msgs/msg/detail/imu__type_support.c.o[0m
[ 58%] [32mBuilding C object CMakeFiles/imu_msgs__rosidl_typesupport_introspection_c.dir/rosidl_typesupport_introspection_c/imu_msgs/msg/detail/asensing__type_support.c.o[0m
[ 59%] [32mBuilding C object CMakeFiles/imu_msgs__rosidl_typesupport_introspection_c.dir/rosidl_typesupport_introspection_c/imu_msgs/msg/detail/imu_initial__type_support.c.o[0m
[ 60%] [32mBuilding CXX object CMakeFiles/imu_msgs__rosidl_typesupport_fastrtps_c.dir/rosidl_typesupport_fastrtps_c/imu_msgs/msg/detail/asensing__type_support_c.cpp.o[0m
[ 60%] Built target imu_msgs__rosidl_typesupport_c
[ 62%] [32mBuilding C object CMakeFiles/imu_msgs__rosidl_typesupport_introspection_c.dir/rosidl_typesupport_introspection_c/imu_msgs/msg/detail/gnss__type_support.c.o[0m
[ 63%] [32mBuilding C object CMakeFiles/imu_msgs__rosidl_typesupport_introspection_c.dir/rosidl_typesupport_introspection_c/imu_msgs/msg/detail/imu04__type_support.c.o[0m
[ 64%] [32mBuilding C object CMakeFiles/imu_msgs__rosidl_typesupport_introspection_c.dir/rosidl_typesupport_introspection_c/imu_msgs/msg/detail/imu0_a__type_support.c.o[0m
[ 65%] [32mBuilding C object CMakeFiles/imu_msgs__rosidl_typesupport_introspection_c.dir/rosidl_typesupport_introspection_c/imu_msgs/msg/detail/imu8_b__type_support.c.o[0m
[ 66%] [32mBuilding C object CMakeFiles/imu_msgs__rosidl_typesupport_introspection_c.dir/rosidl_typesupport_introspection_c/imu_msgs/msg/detail/odom__type_support.c.o[0m
[ 67%] [32mBuilding CXX object CMakeFiles/imu_msgs__rosidl_typesupport_fastrtps_cpp.dir/rosidl_typesupport_fastrtps_cpp/imu_msgs/msg/detail/dds_fastrtps/odom__type_support.cpp.o[0m
[ 68%] [32mBuilding CXX object CMakeFiles/imu_msgs__rosidl_typesupport_fastrtps_c.dir/rosidl_typesupport_fastrtps_c/imu_msgs/msg/detail/imu__type_support_c.cpp.o[0m
[ 71%] [32mBuilding CXX object CMakeFiles/imu_msgs__rosidl_typesupport_fastrtps_c.dir/rosidl_typesupport_fastrtps_c/imu_msgs/msg/detail/imu04__type_support_c.cpp.o[0m
[ 70%] [32mBuilding CXX object CMakeFiles/imu_msgs__rosidl_typesupport_fastrtps_c.dir/rosidl_typesupport_fastrtps_c/imu_msgs/msg/detail/gnss__type_support_c.cpp.o[0m
[ 72%] [32mBuilding CXX object CMakeFiles/imu_msgs__rosidl_typesupport_fastrtps_c.dir/rosidl_typesupport_fastrtps_c/imu_msgs/msg/detail/imu0_a__type_support_c.cpp.o[0m
[ 74%] [32mBuilding CXX object CMakeFiles/imu_msgs__rosidl_typesupport_fastrtps_c.dir/rosidl_typesupport_fastrtps_c/imu_msgs/msg/detail/imu_initial__type_support_c.cpp.o[0m
[ 74%] [32m[1mLinking C shared library libimu_msgs__rosidl_typesupport_introspection_c.so[0m
[ 75%] [32m[1mLinking CXX shared library libimu_msgs__rosidl_typesupport_cpp.so[0m
[ 75%] Built target imu_msgs__rosidl_typesupport_introspection_c
[ 77%] [32mBuilding CXX object CMakeFiles/imu_msgs__rosidl_typesupport_fastrtps_c.dir/rosidl_typesupport_fastrtps_c/imu_msgs/msg/detail/imu8_b__type_support_c.cpp.o[0m
[ 77%] Built target imu_msgs__rosidl_typesupport_cpp
[ 78%] [32mBuilding CXX object CMakeFiles/imu_msgs__rosidl_typesupport_fastrtps_c.dir/rosidl_typesupport_fastrtps_c/imu_msgs/msg/detail/odom__type_support_c.cpp.o[0m
[ 79%] [32m[1mLinking CXX shared library libimu_msgs__rosidl_typesupport_introspection_cpp.so[0m
[ 79%] Built target imu_msgs__rosidl_typesupport_introspection_cpp
[ 81%] [32m[1mLinking CXX shared library libimu_msgs__rosidl_typesupport_fastrtps_cpp.so[0m
[ 81%] [32m[1mLinking CXX shared library libimu_msgs__rosidl_typesupport_fastrtps_c.so[0m
[ 81%] Built target imu_msgs__rosidl_typesupport_fastrtps_c
[ 81%] Built target imu_msgs__rosidl_typesupport_fastrtps_cpp
[ 81%] Built target imu_msgs
[ 82%] [34m[1mGenerating Python code for ROS interfaces[0m
[ 82%] Built target imu_msgs__py
[ 83%] [32mBuilding C object CMakeFiles/imu_msgs__rosidl_generator_py.dir/rosidl_generator_py/imu_msgs/msg/_imu_initial_s.c.o[0m
[ 85%] [32mBuilding C object CMakeFiles/imu_msgs__rosidl_generator_py.dir/rosidl_generator_py/imu_msgs/msg/_imu_s.c.o[0m
[ 86%] [32mBuilding C object CMakeFiles/imu_msgs__rosidl_generator_py.dir/rosidl_generator_py/imu_msgs/msg/_asensing_s.c.o[0m
[ 87%] [32mBuilding C object CMakeFiles/imu_msgs__rosidl_generator_py.dir/rosidl_generator_py/imu_msgs/msg/_gnss_s.c.o[0m
[ 88%] [32mBuilding C object CMakeFiles/imu_msgs__rosidl_generator_py.dir/rosidl_generator_py/imu_msgs/msg/_imu04_s.c.o[0m
[ 89%] [32mBuilding C object CMakeFiles/imu_msgs__rosidl_generator_py.dir/rosidl_generator_py/imu_msgs/msg/_imu8_b_s.c.o[0m
[ 90%] [32mBuilding C object CMakeFiles/imu_msgs__rosidl_generator_py.dir/rosidl_generator_py/imu_msgs/msg/_odom_s.c.o[0m
[ 91%] [32mBuilding C object CMakeFiles/imu_msgs__rosidl_generator_py.dir/rosidl_generator_py/imu_msgs/msg/_imu0_a_s.c.o[0m
[ 93%] [32m[1mLinking C shared library rosidl_generator_py/imu_msgs/libimu_msgs__rosidl_generator_py.so[0m
[ 93%] Built target imu_msgs__rosidl_generator_py
[ 94%] [32mBuilding C object CMakeFiles/imu_msgs__rosidl_typesupport_fastrtps_c__pyext.dir/rosidl_generator_py/imu_msgs/_imu_msgs_s.ep.rosidl_typesupport_fastrtps_c.c.o[0m
[ 96%] [32mBuilding C object CMakeFiles/imu_msgs__rosidl_typesupport_c__pyext.dir/rosidl_generator_py/imu_msgs/_imu_msgs_s.ep.rosidl_typesupport_c.c.o[0m
[ 96%] [32mBuilding C object CMakeFiles/imu_msgs__rosidl_typesupport_introspection_c__pyext.dir/rosidl_generator_py/imu_msgs/_imu_msgs_s.ep.rosidl_typesupport_introspection_c.c.o[0m
[ 98%] [32m[1mLinking C shared library rosidl_generator_py/imu_msgs/imu_msgs_s__rosidl_typesupport_c.cpython-310-x86_64-linux-gnu.so[0m
[100%] [32m[1mLinking C shared library rosidl_generator_py/imu_msgs/imu_msgs_s__rosidl_typesupport_introspection_c.cpython-310-x86_64-linux-gnu.so[0m
[ 98%] [32m[1mLinking C shared library rosidl_generator_py/imu_msgs/imu_msgs_s__rosidl_typesupport_fastrtps_c.cpython-310-x86_64-linux-gnu.so[0m
[100%] Built target imu_msgs__rosidl_typesupport_fastrtps_c__pyext
[100%] Built target imu_msgs__rosidl_typesupport_introspection_c__pyext
[100%] Built target imu_msgs__rosidl_typesupport_c__pyext
-- Install configuration: ""
-- Installing: /home/shucdong/workspace/xl/imu_parser/imu_msgs/install/imu_msgs/share/ament_index/resource_index/rosidl_interfaces/imu_msgs
-- Installing: /home/shucdong/workspace/xl/imu_parser/imu_msgs/install/imu_msgs/include/imu_msgs/imu_msgs
-- Installing: /home/shucdong/workspace/xl/imu_parser/imu_msgs/install/imu_msgs/include/imu_msgs/imu_msgs/msg
-- Installing: /home/shucdong/workspace/xl/imu_parser/imu_msgs/install/imu_msgs/include/imu_msgs/imu_msgs/msg/imu8_b.h
-- Installing: /home/shucdong/workspace/xl/imu_parser/imu_msgs/install/imu_msgs/include/imu_msgs/imu_msgs/msg/imu_initial.h
-- Installing: /home/shucdong/workspace/xl/imu_parser/imu_msgs/install/imu_msgs/include/imu_msgs/imu_msgs/msg/imu04.h
-- Installing: /home/shucdong/workspace/xl/imu_parser/imu_msgs/install/imu_msgs/include/imu_msgs/imu_msgs/msg/gnss.h
-- Installing: /home/shucdong/workspace/xl/imu_parser/imu_msgs/install/imu_msgs/include/imu_msgs/imu_msgs/msg/odom.h
-- Installing: /home/shucdong/workspace/xl/imu_parser/imu_msgs/install/imu_msgs/include/imu_msgs/imu_msgs/msg/detail
-- Installing: /home/shucdong/workspace/xl/imu_parser/imu_msgs/install/imu_msgs/include/imu_msgs/imu_msgs/msg/detail/imu04__struct.h
-- Installing: /home/shucdong/workspace/xl/imu_parser/imu_msgs/install/imu_msgs/include/imu_msgs/imu_msgs/msg/detail/imu0_a__struct.h
-- Installing: /home/shucdong/workspace/xl/imu_parser/imu_msgs/install/imu_msgs/include/imu_msgs/imu_msgs/msg/detail/odom__functions.h
-- Installing: /home/shucdong/workspace/xl/imu_parser/imu_msgs/install/imu_msgs/include/imu_msgs/imu_msgs/msg/detail/imu__functions.c
-- Installing: /home/shucdong/workspace/xl/imu_parser/imu_msgs/install/imu_msgs/include/imu_msgs/imu_msgs/msg/detail/imu_initial__functions.h
-- Installing: /home/shucdong/workspace/xl/imu_parser/imu_msgs/install/imu_msgs/include/imu_msgs/imu_msgs/msg/detail/imu0_a__functions.c
-- Installing: /home/shucdong/workspace/xl/imu_parser/imu_msgs/install/imu_msgs/include/imu_msgs/imu_msgs/msg/detail/imu04__functions.h
-- Installing: /home/shucdong/workspace/xl/imu_parser/imu_msgs/install/imu_msgs/include/imu_msgs/imu_msgs/msg/detail/imu8_b__functions.h
-- Installing: /home/shucdong/workspace/xl/imu_parser/imu_msgs/install/imu_msgs/include/imu_msgs/imu_msgs/msg/detail/imu_initial__type_support.h
-- Installing: /home/shucdong/workspace/xl/imu_parser/imu_msgs/install/imu_msgs/include/imu_msgs/imu_msgs/msg/detail/imu0_a__type_support.h
-- Installing: /home/shucdong/workspace/xl/imu_parser/imu_msgs/install/imu_msgs/include/imu_msgs/imu_msgs/msg/detail/gnss__functions.c
-- Installing: /home/shucdong/workspace/xl/imu_parser/imu_msgs/install/imu_msgs/include/imu_msgs/imu_msgs/msg/detail/imu8_b__functions.c
-- Installing: /home/shucdong/workspace/xl/imu_parser/imu_msgs/install/imu_msgs/include/imu_msgs/imu_msgs/msg/detail/imu__struct.h
-- Installing: /home/shucdong/workspace/xl/imu_parser/imu_msgs/install/imu_msgs/include/imu_msgs/imu_msgs/msg/detail/imu0_a__functions.h
-- Installing: /home/shucdong/workspace/xl/imu_parser/imu_msgs/install/imu_msgs/include/imu_msgs/imu_msgs/msg/detail/imu_initial__struct.h
-- Installing: /home/shucdong/workspace/xl/imu_parser/imu_msgs/install/imu_msgs/include/imu_msgs/imu_msgs/msg/detail/asensing__functions.h
-- Installing: /home/shucdong/workspace/xl/imu_parser/imu_msgs/install/imu_msgs/include/imu_msgs/imu_msgs/msg/detail/imu04__type_support.h
-- Installing: /home/shucdong/workspace/xl/imu_parser/imu_msgs/install/imu_msgs/include/imu_msgs/imu_msgs/msg/detail/imu8_b__struct.h
-- Installing: /home/shucdong/workspace/xl/imu_parser/imu_msgs/install/imu_msgs/include/imu_msgs/imu_msgs/msg/detail/asensing__functions.c
-- Installing: /home/shucdong/workspace/xl/imu_parser/imu_msgs/install/imu_msgs/include/imu_msgs/imu_msgs/msg/detail/gnss__functions.h
-- Installing: /home/shucdong/workspace/xl/imu_parser/imu_msgs/install/imu_msgs/include/imu_msgs/imu_msgs/msg/detail/asensing__struct.h
-- Installing: /home/shucdong/workspace/xl/imu_parser/imu_msgs/install/imu_msgs/include/imu_msgs/imu_msgs/msg/detail/gnss__struct.h
-- Installing: /home/shucdong/workspace/xl/imu_parser/imu_msgs/install/imu_msgs/include/imu_msgs/imu_msgs/msg/detail/asensing__type_support.h
-- Installing: /home/shucdong/workspace/xl/imu_parser/imu_msgs/install/imu_msgs/include/imu_msgs/imu_msgs/msg/detail/odom__struct.h
-- Installing: /home/shucdong/workspace/xl/imu_parser/imu_msgs/install/imu_msgs/include/imu_msgs/imu_msgs/msg/detail/imu8_b__type_support.h
-- Installing: /home/shucdong/workspace/xl/imu_parser/imu_msgs/install/imu_msgs/include/imu_msgs/imu_msgs/msg/detail/odom__type_support.h
-- Installing: /home/shucdong/workspace/xl/imu_parser/imu_msgs/install/imu_msgs/include/imu_msgs/imu_msgs/msg/detail/imu__type_support.h
-- Installing: /home/shucdong/workspace/xl/imu_parser/imu_msgs/install/imu_msgs/include/imu_msgs/imu_msgs/msg/detail/odom__functions.c
-- Installing: /home/shucdong/workspace/xl/imu_parser/imu_msgs/install/imu_msgs/include/imu_msgs/imu_msgs/msg/detail/imu04__functions.c
-- Installing: /home/shucdong/workspace/xl/imu_parser/imu_msgs/install/imu_msgs/include/imu_msgs/imu_msgs/msg/detail/imu__functions.h
-- Installing: /home/shucdong/workspace/xl/imu_parser/imu_msgs/install/imu_msgs/include/imu_msgs/imu_msgs/msg/detail/imu_initial__functions.c
-- Installing: /home/shucdong/workspace/xl/imu_parser/imu_msgs/install/imu_msgs/include/imu_msgs/imu_msgs/msg/detail/gnss__type_support.h
-- Installing: /home/shucdong/workspace/xl/imu_parser/imu_msgs/install/imu_msgs/include/imu_msgs/imu_msgs/msg/rosidl_generator_c__visibility_control.h
-- Installing: /home/shucdong/workspace/xl/imu_parser/imu_msgs/install/imu_msgs/include/imu_msgs/imu_msgs/msg/imu0_a.h
-- Installing: /home/shucdong/workspace/xl/imu_parser/imu_msgs/install/imu_msgs/include/imu_msgs/imu_msgs/msg/asensing.h
-- Installing: /home/shucdong/workspace/xl/imu_parser/imu_msgs/install/imu_msgs/include/imu_msgs/imu_msgs/msg/imu.h
-- Installing: /home/shucdong/workspace/xl/imu_parser/imu_msgs/install/imu_msgs/share/imu_msgs/environment/library_path.sh
-- Installing: /home/shucdong/workspace/xl/imu_parser/imu_msgs/install/imu_msgs/share/imu_msgs/environment/library_path.dsv
-- Installing: /home/shucdong/workspace/xl/imu_parser/imu_msgs/install/imu_msgs/lib/libimu_msgs__rosidl_generator_c.so
-- Set runtime path of "/home/shucdong/workspace/xl/imu_parser/imu_msgs/install/imu_msgs/lib/libimu_msgs__rosidl_generator_c.so" to ""
-- Up-to-date: /home/shucdong/workspace/xl/imu_parser/imu_msgs/install/imu_msgs/include/imu_msgs/imu_msgs
-- Up-to-date: /home/shucdong/workspace/xl/imu_parser/imu_msgs/install/imu_msgs/include/imu_msgs/imu_msgs/msg
-- Up-to-date: /home/shucdong/workspace/xl/imu_parser/imu_msgs/install/imu_msgs/include/imu_msgs/imu_msgs/msg/detail
-- Installing: /home/shucdong/workspace/xl/imu_parser/imu_msgs/install/imu_msgs/include/imu_msgs/imu_msgs/msg/detail/imu04__rosidl_typesupport_fastrtps_c.h
-- Installing: /home/shucdong/workspace/xl/imu_parser/imu_msgs/install/imu_msgs/include/imu_msgs/imu_msgs/msg/detail/imu8_b__rosidl_typesupport_fastrtps_c.h
-- Installing: /home/shucdong/workspace/xl/imu_parser/imu_msgs/install/imu_msgs/include/imu_msgs/imu_msgs/msg/detail/odom__rosidl_typesupport_fastrtps_c.h
-- Installing: /home/shucdong/workspace/xl/imu_parser/imu_msgs/install/imu_msgs/include/imu_msgs/imu_msgs/msg/detail/imu__rosidl_typesupport_fastrtps_c.h
-- Installing: /home/shucdong/workspace/xl/imu_parser/imu_msgs/install/imu_msgs/include/imu_msgs/imu_msgs/msg/detail/imu0_a__rosidl_typesupport_fastrtps_c.h
-- Installing: /home/shucdong/workspace/xl/imu_parser/imu_msgs/install/imu_msgs/include/imu_msgs/imu_msgs/msg/detail/gnss__rosidl_typesupport_fastrtps_c.h
-- Installing: /home/shucdong/workspace/xl/imu_parser/imu_msgs/install/imu_msgs/include/imu_msgs/imu_msgs/msg/detail/asensing__rosidl_typesupport_fastrtps_c.h
-- Installing: /home/shucdong/workspace/xl/imu_parser/imu_msgs/install/imu_msgs/include/imu_msgs/imu_msgs/msg/detail/imu_initial__rosidl_typesupport_fastrtps_c.h
-- Installing: /home/shucdong/workspace/xl/imu_parser/imu_msgs/install/imu_msgs/include/imu_msgs/imu_msgs/msg/rosidl_typesupport_fastrtps_c__visibility_control.h
-- Installing: /home/shucdong/workspace/xl/imu_parser/imu_msgs/install/imu_msgs/lib/libimu_msgs__rosidl_typesupport_fastrtps_c.so
-- Set runtime path of "/home/shucdong/workspace/xl/imu_parser/imu_msgs/install/imu_msgs/lib/libimu_msgs__rosidl_typesupport_fastrtps_c.so" to ""
-- Up-to-date: /home/shucdong/workspace/xl/imu_parser/imu_msgs/install/imu_msgs/include/imu_msgs/imu_msgs
-- Up-to-date: /home/shucdong/workspace/xl/imu_parser/imu_msgs/install/imu_msgs/include/imu_msgs/imu_msgs/msg
-- Installing: /home/shucdong/workspace/xl/imu_parser/imu_msgs/install/imu_msgs/include/imu_msgs/imu_msgs/msg/imu.hpp
-- Installing: /home/shucdong/workspace/xl/imu_parser/imu_msgs/install/imu_msgs/include/imu_msgs/imu_msgs/msg/gnss.hpp
-- Installing: /home/shucdong/workspace/xl/imu_parser/imu_msgs/install/imu_msgs/include/imu_msgs/imu_msgs/msg/asensing.hpp
-- Installing: /home/shucdong/workspace/xl/imu_parser/imu_msgs/install/imu_msgs/include/imu_msgs/imu_msgs/msg/imu0_a.hpp
-- Installing: /home/shucdong/workspace/xl/imu_parser/imu_msgs/install/imu_msgs/include/imu_msgs/imu_msgs/msg/imu8_b.hpp
-- Installing: /home/shucdong/workspace/xl/imu_parser/imu_msgs/install/imu_msgs/include/imu_msgs/imu_msgs/msg/imu_initial.hpp
-- Installing: /home/shucdong/workspace/xl/imu_parser/imu_msgs/install/imu_msgs/include/imu_msgs/imu_msgs/msg/imu04.hpp
-- Up-to-date: /home/shucdong/workspace/xl/imu_parser/imu_msgs/install/imu_msgs/include/imu_msgs/imu_msgs/msg/detail
-- Installing: /home/shucdong/workspace/xl/imu_parser/imu_msgs/install/imu_msgs/include/imu_msgs/imu_msgs/msg/detail/imu__type_support.hpp
-- Installing: /home/shucdong/workspace/xl/imu_parser/imu_msgs/install/imu_msgs/include/imu_msgs/imu_msgs/msg/detail/imu04__builder.hpp
-- Installing: /home/shucdong/workspace/xl/imu_parser/imu_msgs/install/imu_msgs/include/imu_msgs/imu_msgs/msg/detail/imu04__traits.hpp
-- Installing: /home/shucdong/workspace/xl/imu_parser/imu_msgs/install/imu_msgs/include/imu_msgs/imu_msgs/msg/detail/imu_initial__traits.hpp
-- Installing: /home/shucdong/workspace/xl/imu_parser/imu_msgs/install/imu_msgs/include/imu_msgs/imu_msgs/msg/detail/odom__traits.hpp
-- Installing: /home/shucdong/workspace/xl/imu_parser/imu_msgs/install/imu_msgs/include/imu_msgs/imu_msgs/msg/detail/gnss__traits.hpp
-- Installing: /home/shucdong/workspace/xl/imu_parser/imu_msgs/install/imu_msgs/include/imu_msgs/imu_msgs/msg/detail/odom__type_support.hpp
-- Installing: /home/shucdong/workspace/xl/imu_parser/imu_msgs/install/imu_msgs/include/imu_msgs/imu_msgs/msg/detail/asensing__builder.hpp
-- Installing: /home/shucdong/workspace/xl/imu_parser/imu_msgs/install/imu_msgs/include/imu_msgs/imu_msgs/msg/detail/imu_initial__struct.hpp
-- Installing: /home/shucdong/workspace/xl/imu_parser/imu_msgs/install/imu_msgs/include/imu_msgs/imu_msgs/msg/detail/imu__struct.hpp
-- Installing: /home/shucdong/workspace/xl/imu_parser/imu_msgs/install/imu_msgs/include/imu_msgs/imu_msgs/msg/detail/imu0_a__struct.hpp
-- Installing: /home/shucdong/workspace/xl/imu_parser/imu_msgs/install/imu_msgs/include/imu_msgs/imu_msgs/msg/detail/imu0_a__traits.hpp
-- Installing: /home/shucdong/workspace/xl/imu_parser/imu_msgs/install/imu_msgs/include/imu_msgs/imu_msgs/msg/detail/odom__struct.hpp
-- Installing: /home/shucdong/workspace/xl/imu_parser/imu_msgs/install/imu_msgs/include/imu_msgs/imu_msgs/msg/detail/gnss__builder.hpp
-- Installing: /home/shucdong/workspace/xl/imu_parser/imu_msgs/install/imu_msgs/include/imu_msgs/imu_msgs/msg/detail/imu_initial__type_support.hpp
-- Installing: /home/shucdong/workspace/xl/imu_parser/imu_msgs/install/imu_msgs/include/imu_msgs/imu_msgs/msg/detail/imu0_a__type_support.hpp
-- Installing: /home/shucdong/workspace/xl/imu_parser/imu_msgs/install/imu_msgs/include/imu_msgs/imu_msgs/msg/detail/imu8_b__type_support.hpp
-- Installing: /home/shucdong/workspace/xl/imu_parser/imu_msgs/install/imu_msgs/include/imu_msgs/imu_msgs/msg/detail/imu_initial__builder.hpp
-- Installing: /home/shucdong/workspace/xl/imu_parser/imu_msgs/install/imu_msgs/include/imu_msgs/imu_msgs/msg/detail/imu0_a__builder.hpp
-- Installing: /home/shucdong/workspace/xl/imu_parser/imu_msgs/install/imu_msgs/include/imu_msgs/imu_msgs/msg/detail/imu04__struct.hpp
-- Installing: /home/shucdong/workspace/xl/imu_parser/imu_msgs/install/imu_msgs/include/imu_msgs/imu_msgs/msg/detail/imu04__type_support.hpp
-- Installing: /home/shucdong/workspace/xl/imu_parser/imu_msgs/install/imu_msgs/include/imu_msgs/imu_msgs/msg/detail/asensing__struct.hpp
-- Installing: /home/shucdong/workspace/xl/imu_parser/imu_msgs/install/imu_msgs/include/imu_msgs/imu_msgs/msg/detail/imu__traits.hpp
-- Installing: /home/shucdong/workspace/xl/imu_parser/imu_msgs/install/imu_msgs/include/imu_msgs/imu_msgs/msg/detail/imu8_b__builder.hpp
-- Installing: /home/shucdong/workspace/xl/imu_parser/imu_msgs/install/imu_msgs/include/imu_msgs/imu_msgs/msg/detail/imu8_b__traits.hpp
-- Installing: /home/shucdong/workspace/xl/imu_parser/imu_msgs/install/imu_msgs/include/imu_msgs/imu_msgs/msg/detail/gnss__struct.hpp
-- Installing: /home/shucdong/workspace/xl/imu_parser/imu_msgs/install/imu_msgs/include/imu_msgs/imu_msgs/msg/detail/gnss__type_support.hpp
-- Installing: /home/shucdong/workspace/xl/imu_parser/imu_msgs/install/imu_msgs/include/imu_msgs/imu_msgs/msg/detail/imu__builder.hpp
-- Installing: /home/shucdong/workspace/xl/imu_parser/imu_msgs/install/imu_msgs/include/imu_msgs/imu_msgs/msg/detail/asensing__type_support.hpp
-- Installing: /home/shucdong/workspace/xl/imu_parser/imu_msgs/install/imu_msgs/include/imu_msgs/imu_msgs/msg/detail/asensing__traits.hpp
-- Installing: /home/shucdong/workspace/xl/imu_parser/imu_msgs/install/imu_msgs/include/imu_msgs/imu_msgs/msg/detail/imu8_b__struct.hpp
-- Installing: /home/shucdong/workspace/xl/imu_parser/imu_msgs/install/imu_msgs/include/imu_msgs/imu_msgs/msg/detail/odom__builder.hpp
-- Installing: /home/shucdong/workspace/xl/imu_parser/imu_msgs/install/imu_msgs/include/imu_msgs/imu_msgs/msg/odom.hpp
-- Installing: /home/shucdong/workspace/xl/imu_parser/imu_msgs/install/imu_msgs/include/imu_msgs/imu_msgs/msg/rosidl_generator_cpp__visibility_control.hpp
-- Up-to-date: /home/shucdong/workspace/xl/imu_parser/imu_msgs/install/imu_msgs/include/imu_msgs/imu_msgs
-- Up-to-date: /home/shucdong/workspace/xl/imu_parser/imu_msgs/install/imu_msgs/include/imu_msgs/imu_msgs/msg
-- Installing: /home/shucdong/workspace/xl/imu_parser/imu_msgs/install/imu_msgs/include/imu_msgs/imu_msgs/msg/rosidl_typesupport_fastrtps_cpp__visibility_control.h
-- Up-to-date: /home/shucdong/workspace/xl/imu_parser/imu_msgs/install/imu_msgs/include/imu_msgs/imu_msgs/msg/detail
-- Installing: /home/shucdong/workspace/xl/imu_parser/imu_msgs/install/imu_msgs/include/imu_msgs/imu_msgs/msg/detail/imu0_a__rosidl_typesupport_fastrtps_cpp.hpp
-- Installing: /home/shucdong/workspace/xl/imu_parser/imu_msgs/install/imu_msgs/include/imu_msgs/imu_msgs/msg/detail/gnss__rosidl_typesupport_fastrtps_cpp.hpp
-- Installing: /home/shucdong/workspace/xl/imu_parser/imu_msgs/install/imu_msgs/include/imu_msgs/imu_msgs/msg/detail/imu_initial__rosidl_typesupport_fastrtps_cpp.hpp
-- Installing: /home/shucdong/workspace/xl/imu_parser/imu_msgs/install/imu_msgs/include/imu_msgs/imu_msgs/msg/detail/dds_fastrtps
-- Installing: /home/shucdong/workspace/xl/imu_parser/imu_msgs/install/imu_msgs/include/imu_msgs/imu_msgs/msg/detail/imu8_b__rosidl_typesupport_fastrtps_cpp.hpp
-- Installing: /home/shucdong/workspace/xl/imu_parser/imu_msgs/install/imu_msgs/include/imu_msgs/imu_msgs/msg/detail/asensing__rosidl_typesupport_fastrtps_cpp.hpp
-- Installing: /home/shucdong/workspace/xl/imu_parser/imu_msgs/install/imu_msgs/include/imu_msgs/imu_msgs/msg/detail/odom__rosidl_typesupport_fastrtps_cpp.hpp
-- Installing: /home/shucdong/workspace/xl/imu_parser/imu_msgs/install/imu_msgs/include/imu_msgs/imu_msgs/msg/detail/imu04__rosidl_typesupport_fastrtps_cpp.hpp
-- Installing: /home/shucdong/workspace/xl/imu_parser/imu_msgs/install/imu_msgs/include/imu_msgs/imu_msgs/msg/detail/imu__rosidl_typesupport_fastrtps_cpp.hpp
-- Installing: /home/shucdong/workspace/xl/imu_parser/imu_msgs/install/imu_msgs/lib/libimu_msgs__rosidl_typesupport_fastrtps_cpp.so
-- Set runtime path of "/home/shucdong/workspace/xl/imu_parser/imu_msgs/install/imu_msgs/lib/libimu_msgs__rosidl_typesupport_fastrtps_cpp.so" to ""
-- Up-to-date: /home/shucdong/workspace/xl/imu_parser/imu_msgs/install/imu_msgs/include/imu_msgs/imu_msgs
-- Up-to-date: /home/shucdong/workspace/xl/imu_parser/imu_msgs/install/imu_msgs/include/imu_msgs/imu_msgs/msg
-- Installing: /home/shucdong/workspace/xl/imu_parser/imu_msgs/install/imu_msgs/include/imu_msgs/imu_msgs/msg/rosidl_typesupport_introspection_c__visibility_control.h
-- Up-to-date: /home/shucdong/workspace/xl/imu_parser/imu_msgs/install/imu_msgs/include/imu_msgs/imu_msgs/msg/detail
-- Installing: /home/shucdong/workspace/xl/imu_parser/imu_msgs/install/imu_msgs/include/imu_msgs/imu_msgs/msg/detail/asensing__type_support.c
-- Installing: /home/shucdong/workspace/xl/imu_parser/imu_msgs/install/imu_msgs/include/imu_msgs/imu_msgs/msg/detail/gnss__rosidl_typesupport_introspection_c.h
-- Installing: /home/shucdong/workspace/xl/imu_parser/imu_msgs/install/imu_msgs/include/imu_msgs/imu_msgs/msg/detail/imu8_b__type_support.c
-- Installing: /home/shucdong/workspace/xl/imu_parser/imu_msgs/install/imu_msgs/include/imu_msgs/imu_msgs/msg/detail/imu_initial__type_support.c
-- Installing: /home/shucdong/workspace/xl/imu_parser/imu_msgs/install/imu_msgs/include/imu_msgs/imu_msgs/msg/detail/imu8_b__rosidl_typesupport_introspection_c.h
-- Installing: /home/shucdong/workspace/xl/imu_parser/imu_msgs/install/imu_msgs/include/imu_msgs/imu_msgs/msg/detail/odom__type_support.c
-- Installing: /home/shucdong/workspace/xl/imu_parser/imu_msgs/install/imu_msgs/include/imu_msgs/imu_msgs/msg/detail/asensing__rosidl_typesupport_introspection_c.h
-- Installing: /home/shucdong/workspace/xl/imu_parser/imu_msgs/install/imu_msgs/include/imu_msgs/imu_msgs/msg/detail/gnss__type_support.c
-- Installing: /home/shucdong/workspace/xl/imu_parser/imu_msgs/install/imu_msgs/include/imu_msgs/imu_msgs/msg/detail/imu__type_support.c
-- Installing: /home/shucdong/workspace/xl/imu_parser/imu_msgs/install/imu_msgs/include/imu_msgs/imu_msgs/msg/detail/imu04__type_support.c
-- Installing: /home/shucdong/workspace/xl/imu_parser/imu_msgs/install/imu_msgs/include/imu_msgs/imu_msgs/msg/detail/imu04__rosidl_typesupport_introspection_c.h
-- Installing: /home/shucdong/workspace/xl/imu_parser/imu_msgs/install/imu_msgs/include/imu_msgs/imu_msgs/msg/detail/imu0_a__rosidl_typesupport_introspection_c.h
-- Installing: /home/shucdong/workspace/xl/imu_parser/imu_msgs/install/imu_msgs/include/imu_msgs/imu_msgs/msg/detail/imu_initial__rosidl_typesupport_introspection_c.h
-- Installing: /home/shucdong/workspace/xl/imu_parser/imu_msgs/install/imu_msgs/include/imu_msgs/imu_msgs/msg/detail/imu0_a__type_support.c
-- Installing: /home/shucdong/workspace/xl/imu_parser/imu_msgs/install/imu_msgs/include/imu_msgs/imu_msgs/msg/detail/odom__rosidl_typesupport_introspection_c.h
-- Installing: /home/shucdong/workspace/xl/imu_parser/imu_msgs/install/imu_msgs/include/imu_msgs/imu_msgs/msg/detail/imu__rosidl_typesupport_introspection_c.h
-- Installing: /home/shucdong/workspace/xl/imu_parser/imu_msgs/install/imu_msgs/lib/libimu_msgs__rosidl_typesupport_introspection_c.so
-- Set runtime path of "/home/shucdong/workspace/xl/imu_parser/imu_msgs/install/imu_msgs/lib/libimu_msgs__rosidl_typesupport_introspection_c.so" to ""
-- Installing: /home/shucdong/workspace/xl/imu_parser/imu_msgs/install/imu_msgs/lib/libimu_msgs__rosidl_typesupport_c.so
-- Set runtime path of "/home/shucdong/workspace/xl/imu_parser/imu_msgs/install/imu_msgs/lib/libimu_msgs__rosidl_typesupport_c.so" to ""
-- Up-to-date: /home/shucdong/workspace/xl/imu_parser/imu_msgs/install/imu_msgs/include/imu_msgs/imu_msgs
-- Up-to-date: /home/shucdong/workspace/xl/imu_parser/imu_msgs/install/imu_msgs/include/imu_msgs/imu_msgs/msg
-- Up-to-date: /home/shucdong/workspace/xl/imu_parser/imu_msgs/install/imu_msgs/include/imu_msgs/imu_msgs/msg/detail
-- Installing: /home/shucdong/workspace/xl/imu_parser/imu_msgs/install/imu_msgs/include/imu_msgs/imu_msgs/msg/detail/imu_initial__type_support.cpp
-- Installing: /home/shucdong/workspace/xl/imu_parser/imu_msgs/install/imu_msgs/include/imu_msgs/imu_msgs/msg/detail/imu8_b__type_support.cpp
-- Installing: /home/shucdong/workspace/xl/imu_parser/imu_msgs/install/imu_msgs/include/imu_msgs/imu_msgs/msg/detail/imu__type_support.cpp
-- Installing: /home/shucdong/workspace/xl/imu_parser/imu_msgs/install/imu_msgs/include/imu_msgs/imu_msgs/msg/detail/odom__rosidl_typesupport_introspection_cpp.hpp
-- Installing: /home/shucdong/workspace/xl/imu_parser/imu_msgs/install/imu_msgs/include/imu_msgs/imu_msgs/msg/detail/imu0_a__type_support.cpp
-- Installing: /home/shucdong/workspace/xl/imu_parser/imu_msgs/install/imu_msgs/include/imu_msgs/imu_msgs/msg/detail/odom__type_support.cpp
-- Installing: /home/shucdong/workspace/xl/imu_parser/imu_msgs/install/imu_msgs/include/imu_msgs/imu_msgs/msg/detail/imu8_b__rosidl_typesupport_introspection_cpp.hpp
-- Installing: /home/shucdong/workspace/xl/imu_parser/imu_msgs/install/imu_msgs/include/imu_msgs/imu_msgs/msg/detail/imu04__type_support.cpp
-- Installing: /home/shucdong/workspace/xl/imu_parser/imu_msgs/install/imu_msgs/include/imu_msgs/imu_msgs/msg/detail/imu0_a__rosidl_typesupport_introspection_cpp.hpp
-- Installing: /home/shucdong/workspace/xl/imu_parser/imu_msgs/install/imu_msgs/include/imu_msgs/imu_msgs/msg/detail/imu_initial__rosidl_typesupport_introspection_cpp.hpp
-- Installing: /home/shucdong/workspace/xl/imu_parser/imu_msgs/install/imu_msgs/include/imu_msgs/imu_msgs/msg/detail/gnss__type_support.cpp
-- Installing: /home/shucdong/workspace/xl/imu_parser/imu_msgs/install/imu_msgs/include/imu_msgs/imu_msgs/msg/detail/asensing__type_support.cpp
-- Installing: /home/shucdong/workspace/xl/imu_parser/imu_msgs/install/imu_msgs/include/imu_msgs/imu_msgs/msg/detail/imu__rosidl_typesupport_introspection_cpp.hpp
-- Installing: /home/shucdong/workspace/xl/imu_parser/imu_msgs/install/imu_msgs/include/imu_msgs/imu_msgs/msg/detail/asensing__rosidl_typesupport_introspection_cpp.hpp
-- Installing: /home/shucdong/workspace/xl/imu_parser/imu_msgs/install/imu_msgs/include/imu_msgs/imu_msgs/msg/detail/imu04__rosidl_typesupport_introspection_cpp.hpp
-- Installing: /home/shucdong/workspace/xl/imu_parser/imu_msgs/install/imu_msgs/include/imu_msgs/imu_msgs/msg/detail/gnss__rosidl_typesupport_introspection_cpp.hpp
-- Installing: /home/shucdong/workspace/xl/imu_parser/imu_msgs/install/imu_msgs/lib/libimu_msgs__rosidl_typesupport_introspection_cpp.so
-- Set runtime path of "/home/shucdong/workspace/xl/imu_parser/imu_msgs/install/imu_msgs/lib/libimu_msgs__rosidl_typesupport_introspection_cpp.so" to ""
-- Installing: /home/shucdong/workspace/xl/imu_parser/imu_msgs/install/imu_msgs/lib/libimu_msgs__rosidl_typesupport_cpp.so
-- Set runtime path of "/home/shucdong/workspace/xl/imu_parser/imu_msgs/install/imu_msgs/lib/libimu_msgs__rosidl_typesupport_cpp.so" to ""
-- Installing: /home/shucdong/workspace/xl/imu_parser/imu_msgs/install/imu_msgs/share/imu_msgs/environment/pythonpath.sh
-- Installing: /home/shucdong/workspace/xl/imu_parser/imu_msgs/install/imu_msgs/share/imu_msgs/environment/pythonpath.dsv
-- Installing: /home/shucdong/workspace/xl/imu_parser/imu_msgs/install/imu_msgs/local/lib/python3.10/dist-packages/imu_msgs-0.0.0-py3.10.egg-info
-- Installing: /home/shucdong/workspace/xl/imu_parser/imu_msgs/install/imu_msgs/local/lib/python3.10/dist-packages/imu_msgs-0.0.0-py3.10.egg-info/top_level.txt
-- Installing: /home/shucdong/workspace/xl/imu_parser/imu_msgs/install/imu_msgs/local/lib/python3.10/dist-packages/imu_msgs-0.0.0-py3.10.egg-info/PKG-INFO
-- Installing: /home/shucdong/workspace/xl/imu_parser/imu_msgs/install/imu_msgs/local/lib/python3.10/dist-packages/imu_msgs-0.0.0-py3.10.egg-info/dependency_links.txt
-- Installing: /home/shucdong/workspace/xl/imu_parser/imu_msgs/install/imu_msgs/local/lib/python3.10/dist-packages/imu_msgs-0.0.0-py3.10.egg-info/SOURCES.txt
-- Installing: /home/shucdong/workspace/xl/imu_parser/imu_msgs/install/imu_msgs/local/lib/python3.10/dist-packages/imu_msgs
-- Installing: /home/shucdong/workspace/xl/imu_parser/imu_msgs/install/imu_msgs/local/lib/python3.10/dist-packages/imu_msgs/msg
-- Installing: /home/shucdong/workspace/xl/imu_parser/imu_msgs/install/imu_msgs/local/lib/python3.10/dist-packages/imu_msgs/msg/_asensing.py
-- Installing: /home/shucdong/workspace/xl/imu_parser/imu_msgs/install/imu_msgs/local/lib/python3.10/dist-packages/imu_msgs/msg/_imu.py
-- Installing: /home/shucdong/workspace/xl/imu_parser/imu_msgs/install/imu_msgs/local/lib/python3.10/dist-packages/imu_msgs/msg/_imu8_b.py
-- Installing: /home/shucdong/workspace/xl/imu_parser/imu_msgs/install/imu_msgs/local/lib/python3.10/dist-packages/imu_msgs/msg/_odom_s.c
-- Installing: /home/shucdong/workspace/xl/imu_parser/imu_msgs/install/imu_msgs/local/lib/python3.10/dist-packages/imu_msgs/msg/_imu8_b_s.c
-- Installing: /home/shucdong/workspace/xl/imu_parser/imu_msgs/install/imu_msgs/local/lib/python3.10/dist-packages/imu_msgs/msg/_imu04.py
-- Installing: /home/shucdong/workspace/xl/imu_parser/imu_msgs/install/imu_msgs/local/lib/python3.10/dist-packages/imu_msgs/msg/_imu_s.c
-- Installing: /home/shucdong/workspace/xl/imu_parser/imu_msgs/install/imu_msgs/local/lib/python3.10/dist-packages/imu_msgs/msg/_imu04_s.c
-- Installing: /home/shucdong/workspace/xl/imu_parser/imu_msgs/install/imu_msgs/local/lib/python3.10/dist-packages/imu_msgs/msg/_gnss.py
-- Installing: /home/shucdong/workspace/xl/imu_parser/imu_msgs/install/imu_msgs/local/lib/python3.10/dist-packages/imu_msgs/msg/__init__.py
-- Installing: /home/shucdong/workspace/xl/imu_parser/imu_msgs/install/imu_msgs/local/lib/python3.10/dist-packages/imu_msgs/msg/_odom.py
-- Installing: /home/shucdong/workspace/xl/imu_parser/imu_msgs/install/imu_msgs/local/lib/python3.10/dist-packages/imu_msgs/msg/_imu_initial.py
-- Installing: /home/shucdong/workspace/xl/imu_parser/imu_msgs/install/imu_msgs/local/lib/python3.10/dist-packages/imu_msgs/msg/_asensing_s.c
-- Installing: /home/shucdong/workspace/xl/imu_parser/imu_msgs/install/imu_msgs/local/lib/python3.10/dist-packages/imu_msgs/msg/_imu0_a.py
-- Installing: /home/shucdong/workspace/xl/imu_parser/imu_msgs/install/imu_msgs/local/lib/python3.10/dist-packages/imu_msgs/msg/_gnss_s.c
-- Installing: /home/shucdong/workspace/xl/imu_parser/imu_msgs/install/imu_msgs/local/lib/python3.10/dist-packages/imu_msgs/msg/_imu_initial_s.c
-- Installing: /home/shucdong/workspace/xl/imu_parser/imu_msgs/install/imu_msgs/local/lib/python3.10/dist-packages/imu_msgs/msg/_imu0_a_s.c
-- Installing: /home/shucdong/workspace/xl/imu_parser/imu_msgs/install/imu_msgs/local/lib/python3.10/dist-packages/imu_msgs/imu_msgs_s__rosidl_typesupport_fastrtps_c.cpython-310-x86_64-linux-gnu.so
-- Installing: /home/shucdong/workspace/xl/imu_parser/imu_msgs/install/imu_msgs/local/lib/python3.10/dist-packages/imu_msgs/libimu_msgs__rosidl_generator_py.so
-- Installing: /home/shucdong/workspace/xl/imu_parser/imu_msgs/install/imu_msgs/local/lib/python3.10/dist-packages/imu_msgs/_imu_msgs_s.ep.rosidl_typesupport_introspection_c.c
-- Installing: /home/shucdong/workspace/xl/imu_parser/imu_msgs/install/imu_msgs/local/lib/python3.10/dist-packages/imu_msgs/_imu_msgs_s.ep.rosidl_typesupport_fastrtps_c.c
-- Installing: /home/shucdong/workspace/xl/imu_parser/imu_msgs/install/imu_msgs/local/lib/python3.10/dist-packages/imu_msgs/__init__.py
-- Installing: /home/shucdong/workspace/xl/imu_parser/imu_msgs/install/imu_msgs/local/lib/python3.10/dist-packages/imu_msgs/_imu_msgs_s.ep.rosidl_typesupport_c.c
-- Installing: /home/shucdong/workspace/xl/imu_parser/imu_msgs/install/imu_msgs/local/lib/python3.10/dist-packages/imu_msgs/imu_msgs_s__rosidl_typesupport_c.cpython-310-x86_64-linux-gnu.so
-- Installing: /home/shucdong/workspace/xl/imu_parser/imu_msgs/install/imu_msgs/local/lib/python3.10/dist-packages/imu_msgs/imu_msgs_s__rosidl_typesupport_introspection_c.cpython-310-x86_64-linux-gnu.so
Listing '/home/shucdong/workspace/xl/imu_parser/imu_msgs/install/imu_msgs/local/lib/python3.10/dist-packages/imu_msgs'...
Compiling '/home/shucdong/workspace/xl/imu_parser/imu_msgs/install/imu_msgs/local/lib/python3.10/dist-packages/imu_msgs/__init__.py'...
Listing '/home/shucdong/workspace/xl/imu_parser/imu_msgs/install/imu_msgs/local/lib/python3.10/dist-packages/imu_msgs/msg'...
Compiling '/home/shucdong/workspace/xl/imu_parser/imu_msgs/install/imu_msgs/local/lib/python3.10/dist-packages/imu_msgs/msg/__init__.py'...
Compiling '/home/shucdong/workspace/xl/imu_parser/imu_msgs/install/imu_msgs/local/lib/python3.10/dist-packages/imu_msgs/msg/_asensing.py'...
Compiling '/home/shucdong/workspace/xl/imu_parser/imu_msgs/install/imu_msgs/local/lib/python3.10/dist-packages/imu_msgs/msg/_gnss.py'...
Compiling '/home/shucdong/workspace/xl/imu_parser/imu_msgs/install/imu_msgs/local/lib/python3.10/dist-packages/imu_msgs/msg/_imu.py'...
Compiling '/home/shucdong/workspace/xl/imu_parser/imu_msgs/install/imu_msgs/local/lib/python3.10/dist-packages/imu_msgs/msg/_imu04.py'...
Compiling '/home/shucdong/workspace/xl/imu_parser/imu_msgs/install/imu_msgs/local/lib/python3.10/dist-packages/imu_msgs/msg/_imu0_a.py'...
Compiling '/home/shucdong/workspace/xl/imu_parser/imu_msgs/install/imu_msgs/local/lib/python3.10/dist-packages/imu_msgs/msg/_imu8_b.py'...
Compiling '/home/shucdong/workspace/xl/imu_parser/imu_msgs/install/imu_msgs/local/lib/python3.10/dist-packages/imu_msgs/msg/_imu_initial.py'...
Compiling '/home/shucdong/workspace/xl/imu_parser/imu_msgs/install/imu_msgs/local/lib/python3.10/dist-packages/imu_msgs/msg/_odom.py'...
-- Installing: /home/shucdong/workspace/xl/imu_parser/imu_msgs/install/imu_msgs/local/lib/python3.10/dist-packages/imu_msgs/imu_msgs_s__rosidl_typesupport_fastrtps_c.cpython-310-x86_64-linux-gnu.so
-- Set runtime path of "/home/shucdong/workspace/xl/imu_parser/imu_msgs/install/imu_msgs/local/lib/python3.10/dist-packages/imu_msgs/imu_msgs_s__rosidl_typesupport_fastrtps_c.cpython-310-x86_64-linux-gnu.so" to ""
-- Installing: /home/shucdong/workspace/xl/imu_parser/imu_msgs/install/imu_msgs/local/lib/python3.10/dist-packages/imu_msgs/imu_msgs_s__rosidl_typesupport_introspection_c.cpython-310-x86_64-linux-gnu.so
-- Set runtime path of "/home/shucdong/workspace/xl/imu_parser/imu_msgs/install/imu_msgs/local/lib/python3.10/dist-packages/imu_msgs/imu_msgs_s__rosidl_typesupport_introspection_c.cpython-310-x86_64-linux-gnu.so" to ""
-- Installing: /home/shucdong/workspace/xl/imu_parser/imu_msgs/install/imu_msgs/local/lib/python3.10/dist-packages/imu_msgs/imu_msgs_s__rosidl_typesupport_c.cpython-310-x86_64-linux-gnu.so
-- Set runtime path of "/home/shucdong/workspace/xl/imu_parser/imu_msgs/install/imu_msgs/local/lib/python3.10/dist-packages/imu_msgs/imu_msgs_s__rosidl_typesupport_c.cpython-310-x86_64-linux-gnu.so" to ""
-- Installing: /home/shucdong/workspace/xl/imu_parser/imu_msgs/install/imu_msgs/lib/libimu_msgs__rosidl_generator_py.so
-- Set runtime path of "/home/shucdong/workspace/xl/imu_parser/imu_msgs/install/imu_msgs/lib/libimu_msgs__rosidl_generator_py.so" to ""
-- Installing: /home/shucdong/workspace/xl/imu_parser/imu_msgs/install/imu_msgs/share/imu_msgs/msg/ASENSING.idl
-- Installing: /home/shucdong/workspace/xl/imu_parser/imu_msgs/install/imu_msgs/share/imu_msgs/msg/Imu.idl
-- Installing: /home/shucdong/workspace/xl/imu_parser/imu_msgs/install/imu_msgs/share/imu_msgs/msg/ImuInitial.idl
-- Installing: /home/shucdong/workspace/xl/imu_parser/imu_msgs/install/imu_msgs/share/imu_msgs/msg/Gnss.idl
-- Installing: /home/shucdong/workspace/xl/imu_parser/imu_msgs/install/imu_msgs/share/imu_msgs/msg/Imu04.idl
-- Installing: /home/shucdong/workspace/xl/imu_parser/imu_msgs/install/imu_msgs/share/imu_msgs/msg/Imu0A.idl
-- Installing: /home/shucdong/workspace/xl/imu_parser/imu_msgs/install/imu_msgs/share/imu_msgs/msg/Imu8B.idl
-- Installing: /home/shucdong/workspace/xl/imu_parser/imu_msgs/install/imu_msgs/share/imu_msgs/msg/Odom.idl
-- Installing: /home/shucdong/workspace/xl/imu_parser/imu_msgs/install/imu_msgs/share/imu_msgs/msg/ASENSING.msg
-- Installing: /home/shucdong/workspace/xl/imu_parser/imu_msgs/install/imu_msgs/share/imu_msgs/msg/Imu.msg
-- Installing: /home/shucdong/workspace/xl/imu_parser/imu_msgs/install/imu_msgs/share/imu_msgs/msg/ImuInitial.msg
-- Installing: /home/shucdong/workspace/xl/imu_parser/imu_msgs/install/imu_msgs/share/imu_msgs/msg/Gnss.msg
-- Installing: /home/shucdong/workspace/xl/imu_parser/imu_msgs/install/imu_msgs/share/imu_msgs/msg/Imu04.msg
-- Installing: /home/shucdong/workspace/xl/imu_parser/imu_msgs/install/imu_msgs/share/imu_msgs/msg/Imu0A.msg
-- Installing: /home/shucdong/workspace/xl/imu_parser/imu_msgs/install/imu_msgs/share/imu_msgs/msg/Imu8B.msg
-- Installing: /home/shucdong/workspace/xl/imu_parser/imu_msgs/install/imu_msgs/share/imu_msgs/msg/Odom.msg
-- Installing: /home/shucdong/workspace/xl/imu_parser/imu_msgs/install/imu_msgs/share/ament_index/resource_index/package_run_dependencies/imu_msgs
-- Installing: /home/shucdong/workspace/xl/imu_parser/imu_msgs/install/imu_msgs/share/ament_index/resource_index/parent_prefix_path/imu_msgs
-- Installing: /home/shucdong/workspace/xl/imu_parser/imu_msgs/install/imu_msgs/share/imu_msgs/environment/ament_prefix_path.sh
-- Installing: /home/shucdong/workspace/xl/imu_parser/imu_msgs/install/imu_msgs/share/imu_msgs/environment/ament_prefix_path.dsv
-- Installing: /home/shucdong/workspace/xl/imu_parser/imu_msgs/install/imu_msgs/share/imu_msgs/environment/path.sh
-- Installing: /home/shucdong/workspace/xl/imu_parser/imu_msgs/install/imu_msgs/share/imu_msgs/environment/path.dsv
-- Installing: /home/shucdong/workspace/xl/imu_parser/imu_msgs/install/imu_msgs/share/imu_msgs/local_setup.bash
-- Installing: /home/shucdong/workspace/xl/imu_parser/imu_msgs/install/imu_msgs/share/imu_msgs/local_setup.sh
-- Installing: /home/shucdong/workspace/xl/imu_parser/imu_msgs/install/imu_msgs/share/imu_msgs/local_setup.zsh
-- Installing: /home/shucdong/workspace/xl/imu_parser/imu_msgs/install/imu_msgs/share/imu_msgs/local_setup.dsv
-- Installing: /home/shucdong/workspace/xl/imu_parser/imu_msgs/install/imu_msgs/share/imu_msgs/package.dsv
-- Installing: /home/shucdong/workspace/xl/imu_parser/imu_msgs/install/imu_msgs/share/ament_index/resource_index/packages/imu_msgs
-- Installing: /home/shucdong/workspace/xl/imu_parser/imu_msgs/install/imu_msgs/share/imu_msgs/cmake/export_imu_msgs__rosidl_generator_cExport.cmake
-- Installing: /home/shucdong/workspace/xl/imu_parser/imu_msgs/install/imu_msgs/share/imu_msgs/cmake/export_imu_msgs__rosidl_generator_cExport-noconfig.cmake
-- Installing: /home/shucdong/workspace/xl/imu_parser/imu_msgs/install/imu_msgs/share/imu_msgs/cmake/export_imu_msgs__rosidl_typesupport_fastrtps_cExport.cmake
-- Installing: /home/shucdong/workspace/xl/imu_parser/imu_msgs/install/imu_msgs/share/imu_msgs/cmake/export_imu_msgs__rosidl_typesupport_fastrtps_cExport-noconfig.cmake
-- Installing: /home/shucdong/workspace/xl/imu_parser/imu_msgs/install/imu_msgs/share/imu_msgs/cmake/export_imu_msgs__rosidl_generator_cppExport.cmake
-- Installing: /home/shucdong/workspace/xl/imu_parser/imu_msgs/install/imu_msgs/share/imu_msgs/cmake/export_imu_msgs__rosidl_typesupport_fastrtps_cppExport.cmake
-- Installing: /home/shucdong/workspace/xl/imu_parser/imu_msgs/install/imu_msgs/share/imu_msgs/cmake/export_imu_msgs__rosidl_typesupport_fastrtps_cppExport-noconfig.cmake
-- Installing: /home/shucdong/workspace/xl/imu_parser/imu_msgs/install/imu_msgs/share/imu_msgs/cmake/imu_msgs__rosidl_typesupport_introspection_cExport.cmake
-- Installing: /home/shucdong/workspace/xl/imu_parser/imu_msgs/install/imu_msgs/share/imu_msgs/cmake/imu_msgs__rosidl_typesupport_introspection_cExport-noconfig.cmake
-- Installing: /home/shucdong/workspace/xl/imu_parser/imu_msgs/install/imu_msgs/share/imu_msgs/cmake/imu_msgs__rosidl_typesupport_cExport.cmake
-- Installing: /home/shucdong/workspace/xl/imu_parser/imu_msgs/install/imu_msgs/share/imu_msgs/cmake/imu_msgs__rosidl_typesupport_cExport-noconfig.cmake
-- Installing: /home/shucdong/workspace/xl/imu_parser/imu_msgs/install/imu_msgs/share/imu_msgs/cmake/imu_msgs__rosidl_typesupport_introspection_cppExport.cmake
-- Installing: /home/shucdong/workspace/xl/imu_parser/imu_msgs/install/imu_msgs/share/imu_msgs/cmake/imu_msgs__rosidl_typesupport_introspection_cppExport-noconfig.cmake
-- Installing: /home/shucdong/workspace/xl/imu_parser/imu_msgs/install/imu_msgs/share/imu_msgs/cmake/imu_msgs__rosidl_typesupport_cppExport.cmake
-- Installing: /home/shucdong/workspace/xl/imu_parser/imu_msgs/install/imu_msgs/share/imu_msgs/cmake/imu_msgs__rosidl_typesupport_cppExport-noconfig.cmake
-- Installing: /home/shucdong/workspace/xl/imu_parser/imu_msgs/install/imu_msgs/share/imu_msgs/cmake/export_imu_msgs__rosidl_generator_pyExport.cmake
-- Installing: /home/shucdong/workspace/xl/imu_parser/imu_msgs/install/imu_msgs/share/imu_msgs/cmake/export_imu_msgs__rosidl_generator_pyExport-noconfig.cmake
-- Installing: /home/shucdong/workspace/xl/imu_parser/imu_msgs/install/imu_msgs/share/imu_msgs/cmake/rosidl_cmake-extras.cmake
-- Installing: /home/shucdong/workspace/xl/imu_parser/imu_msgs/install/imu_msgs/share/imu_msgs/cmake/ament_cmake_export_dependencies-extras.cmake
-- Installing: /home/shucdong/workspace/xl/imu_parser/imu_msgs/install/imu_msgs/share/imu_msgs/cmake/ament_cmake_export_include_directories-extras.cmake
-- Installing: /home/shucdong/workspace/xl/imu_parser/imu_msgs/install/imu_msgs/share/imu_msgs/cmake/ament_cmake_export_libraries-extras.cmake
-- Installing: /home/shucdong/workspace/xl/imu_parser/imu_msgs/install/imu_msgs/share/imu_msgs/cmake/ament_cmake_export_targets-extras.cmake
-- Installing: /home/shucdong/workspace/xl/imu_parser/imu_msgs/install/imu_msgs/share/imu_msgs/cmake/rosidl_cmake_export_typesupport_targets-extras.cmake
-- Installing: /home/shucdong/workspace/xl/imu_parser/imu_msgs/install/imu_msgs/share/imu_msgs/cmake/rosidl_cmake_export_typesupport_libraries-extras.cmake
-- Installing: /home/shucdong/workspace/xl/imu_parser/imu_msgs/install/imu_msgs/share/imu_msgs/cmake/imu_msgsConfig.cmake
-- Installing: /home/shucdong/workspace/xl/imu_parser/imu_msgs/install/imu_msgs/share/imu_msgs/cmake/imu_msgsConfig-version.cmake
-- Installing: /home/shucdong/workspace/xl/imu_parser/imu_msgs/install/imu_msgs/share/imu_msgs/package.xml
