[0.050s] DEBUG:colcon:Command line arguments: ['/usr/bin/colcon', 'build']
[0.050s] DEBUG:colcon:Parsed command line arguments: Namespace(log_base=None, log_level=None, verb_name='build', build_base='build', install_base='install', merge_install=False, symlink_install=False, test_result_base=None, continue_on_error=False, executor='parallel', parallel_workers=24, event_handlers=None, ignore_user_meta=False, metas=['./colcon.meta'], base_paths=['.'], packages_ignore=None, packages_ignore_regex=None, paths=None, packages_up_to=None, packages_up_to_regex=None, packages_above=None, packages_above_and_dependencies=None, packages_above_depth=None, packages_select_by_dep=None, packages_skip_by_dep=None, packages_skip_up_to=None, packages_select_build_failed=False, packages_skip_build_finished=False, packages_select_test_failures=False, packages_skip_test_passed=False, packages_select=None, packages_skip=None, packages_select_regex=None, packages_skip_regex=None, packages_start=None, packages_end=None, allow_overriding=[], cmake_args=None, cmake_target=None, cmake_target_skip_unavailable=False, cmake_clean_cache=False, cmake_clean_first=False, cmake_force_configure=False, ament_cmake_args=None, catkin_cmake_args=None, catkin_skip_building_tests=False, mixin_files=None, mixin=None, verb_parser=<colcon_mixin.mixin.mixin_argument.MixinArgumentDecorator object at 0x7b45c9b6e380>, verb_extension=<colcon_core.verb.build.BuildVerb object at 0x7b45c9b6dcf0>, main=<bound method BuildVerb.main of <colcon_core.verb.build.BuildVerb object at 0x7b45c9b6dcf0>>, mixin_verb=('build',))
[0.120s] Level 1:colcon.colcon_core.package_discovery:discover_packages(colcon_meta) check parameters
[0.120s] Level 1:colcon.colcon_core.package_discovery:discover_packages(recursive) check parameters
[0.120s] Level 1:colcon.colcon_core.package_discovery:discover_packages(ignore) check parameters
[0.120s] Level 1:colcon.colcon_core.package_discovery:discover_packages(path) check parameters
[0.120s] Level 1:colcon.colcon_core.package_discovery:discover_packages(colcon_meta) discover
[0.120s] Level 1:colcon.colcon_core.package_discovery:discover_packages(recursive) discover
[0.120s] INFO:colcon.colcon_core.package_discovery:Crawling recursively for packages in '/home/shucdong/workspace/xl/imu_parser/imu_msgs'
[0.120s] Level 1:colcon.colcon_core.package_identification:_identify(.) by extensions ['ignore', 'ignore_ament_install']
[0.120s] Level 1:colcon.colcon_core.package_identification:_identify(.) by extension 'ignore'
[0.120s] Level 1:colcon.colcon_core.package_identification:_identify(.) by extension 'ignore_ament_install'
[0.120s] Level 1:colcon.colcon_core.package_identification:_identify(.) by extensions ['colcon_pkg']
[0.120s] Level 1:colcon.colcon_core.package_identification:_identify(.) by extension 'colcon_pkg'
[0.120s] Level 1:colcon.colcon_core.package_identification:_identify(.) by extensions ['colcon_meta']
[0.120s] Level 1:colcon.colcon_core.package_identification:_identify(.) by extension 'colcon_meta'
[0.120s] Level 1:colcon.colcon_core.package_identification:_identify(.) by extensions ['ros']
[0.120s] Level 1:colcon.colcon_core.package_identification:_identify(.) by extension 'ros'
[0.126s] DEBUG:colcon.colcon_core.package_identification:Package '.' with type 'ros.ament_cmake' and name 'imu_msgs'
[0.126s] Level 1:colcon.colcon_core.package_discovery:discover_packages(recursive) using defaults
[0.126s] Level 1:colcon.colcon_core.package_discovery:discover_packages(ignore) discover
[0.126s] Level 1:colcon.colcon_core.package_discovery:discover_packages(ignore) using defaults
[0.126s] Level 1:colcon.colcon_core.package_discovery:discover_packages(path) discover
[0.126s] Level 1:colcon.colcon_core.package_discovery:discover_packages(path) using defaults
[0.141s] Level 1:colcon.colcon_core.package_discovery:discover_packages(prefix_path) check parameters
[0.141s] Level 1:colcon.colcon_core.package_discovery:discover_packages(prefix_path) discover
[0.142s] DEBUG:colcon.colcon_installed_package_information.package_discovery:Found 279 installed packages in /opt/ros/humble
[0.143s] Level 1:colcon.colcon_core.package_discovery:discover_packages(prefix_path) using defaults
[0.159s] Level 5:colcon.colcon_core.verb:set package 'imu_msgs' build argument 'cmake_args' from command line to 'None'
[0.159s] Level 5:colcon.colcon_core.verb:set package 'imu_msgs' build argument 'cmake_target' from command line to 'None'
[0.159s] Level 5:colcon.colcon_core.verb:set package 'imu_msgs' build argument 'cmake_target_skip_unavailable' from command line to 'False'
[0.159s] Level 5:colcon.colcon_core.verb:set package 'imu_msgs' build argument 'cmake_clean_cache' from command line to 'False'
[0.159s] Level 5:colcon.colcon_core.verb:set package 'imu_msgs' build argument 'cmake_clean_first' from command line to 'False'
[0.159s] Level 5:colcon.colcon_core.verb:set package 'imu_msgs' build argument 'cmake_force_configure' from command line to 'False'
[0.159s] Level 5:colcon.colcon_core.verb:set package 'imu_msgs' build argument 'ament_cmake_args' from command line to 'None'
[0.159s] Level 5:colcon.colcon_core.verb:set package 'imu_msgs' build argument 'catkin_cmake_args' from command line to 'None'
[0.159s] Level 5:colcon.colcon_core.verb:set package 'imu_msgs' build argument 'catkin_skip_building_tests' from command line to 'False'
[0.159s] DEBUG:colcon.colcon_core.verb:Building package 'imu_msgs' with the following arguments: {'ament_cmake_args': None, 'build_base': '/home/shucdong/workspace/xl/imu_parser/imu_msgs/build/imu_msgs', 'catkin_cmake_args': None, 'catkin_skip_building_tests': False, 'cmake_args': None, 'cmake_clean_cache': False, 'cmake_clean_first': False, 'cmake_force_configure': False, 'cmake_target': None, 'cmake_target_skip_unavailable': False, 'install_base': '/home/shucdong/workspace/xl/imu_parser/imu_msgs/install/imu_msgs', 'merge_install': False, 'path': '/home/shucdong/workspace/xl/imu_parser/imu_msgs', 'symlink_install': False, 'test_result_base': None}
[0.159s] INFO:colcon.colcon_core.executor:Executing jobs using 'parallel' executor
[0.160s] DEBUG:colcon.colcon_parallel_executor.executor.parallel:run_until_complete
[0.160s] INFO:colcon.colcon_ros.task.ament_cmake.build:Building ROS package in '/home/shucdong/workspace/xl/imu_parser/imu_msgs' with build type 'ament_cmake'
[0.160s] INFO:colcon.colcon_cmake.task.cmake.build:Building CMake package in '/home/shucdong/workspace/xl/imu_parser/imu_msgs'
[0.161s] INFO:colcon.colcon_core.plugin_system:Skipping extension 'colcon_core.shell.bat': Not used on non-Windows systems
[0.161s] INFO:colcon.colcon_core.shell:Skip shell extension 'powershell' for command environment: Not usable outside of PowerShell
[0.161s] DEBUG:colcon.colcon_core.shell:Skip shell extension 'dsv' for command environment
[0.167s] DEBUG:colcon.colcon_core.event_handler.log_command:Invoking command in '/home/shucdong/workspace/xl/imu_parser/imu_msgs/build/imu_msgs': /usr/bin/cmake /home/shucdong/workspace/xl/imu_parser/imu_msgs -DCMAKE_INSTALL_PREFIX=/home/shucdong/workspace/xl/imu_parser/imu_msgs/install/imu_msgs
[0.996s] DEBUG:colcon.colcon_core.event_handler.log_command:Invoked command in '/home/shucdong/workspace/xl/imu_parser/imu_msgs/build/imu_msgs' returned '0': /usr/bin/cmake /home/shucdong/workspace/xl/imu_parser/imu_msgs -DCMAKE_INSTALL_PREFIX=/home/shucdong/workspace/xl/imu_parser/imu_msgs/install/imu_msgs
[0.998s] DEBUG:colcon.colcon_core.event_handler.log_command:Invoking command in '/home/shucdong/workspace/xl/imu_parser/imu_msgs/build/imu_msgs': /usr/bin/cmake --build /home/shucdong/workspace/xl/imu_parser/imu_msgs/build/imu_msgs -- -j24 -l24
[4.138s] DEBUG:colcon.colcon_core.event_handler.log_command:Invoked command in '/home/shucdong/workspace/xl/imu_parser/imu_msgs/build/imu_msgs' returned '0': /usr/bin/cmake --build /home/shucdong/workspace/xl/imu_parser/imu_msgs/build/imu_msgs -- -j24 -l24
[4.145s] DEBUG:colcon.colcon_core.event_handler.log_command:Invoking command in '/home/shucdong/workspace/xl/imu_parser/imu_msgs/build/imu_msgs': /usr/bin/cmake --install /home/shucdong/workspace/xl/imu_parser/imu_msgs/build/imu_msgs
[4.192s] Level 1:colcon.colcon_core.environment:create_environment_scripts_only(imu_msgs)
[4.193s] DEBUG:colcon.colcon_core.event_handler.log_command:Invoked command in '/home/shucdong/workspace/xl/imu_parser/imu_msgs/build/imu_msgs' returned '0': /usr/bin/cmake --install /home/shucdong/workspace/xl/imu_parser/imu_msgs/build/imu_msgs
[4.194s] Level 1:colcon.colcon_core.environment:checking '/home/shucdong/workspace/xl/imu_parser/imu_msgs/install/imu_msgs' for CMake module files
[4.194s] Level 1:colcon.colcon_core.environment:checking '/home/shucdong/workspace/xl/imu_parser/imu_msgs/install/imu_msgs' for CMake config files
[4.195s] Level 1:colcon.colcon_core.shell:create_environment_hook('imu_msgs', 'cmake_prefix_path')
[4.195s] INFO:colcon.colcon_core.shell:Creating environment hook '/home/shucdong/workspace/xl/imu_parser/imu_msgs/install/imu_msgs/share/imu_msgs/hook/cmake_prefix_path.ps1'
[4.195s] INFO:colcon.colcon_core.shell:Creating environment descriptor '/home/shucdong/workspace/xl/imu_parser/imu_msgs/install/imu_msgs/share/imu_msgs/hook/cmake_prefix_path.dsv'
[4.195s] INFO:colcon.colcon_core.shell:Creating environment hook '/home/shucdong/workspace/xl/imu_parser/imu_msgs/install/imu_msgs/share/imu_msgs/hook/cmake_prefix_path.sh'
[4.196s] Level 1:colcon.colcon_core.environment:checking '/home/shucdong/workspace/xl/imu_parser/imu_msgs/install/imu_msgs/lib'
[4.196s] Level 1:colcon.colcon_core.shell:create_environment_hook('imu_msgs', 'ld_library_path_lib')
[4.196s] INFO:colcon.colcon_core.shell:Creating environment hook '/home/shucdong/workspace/xl/imu_parser/imu_msgs/install/imu_msgs/share/imu_msgs/hook/ld_library_path_lib.ps1'
[4.196s] INFO:colcon.colcon_core.shell:Creating environment descriptor '/home/shucdong/workspace/xl/imu_parser/imu_msgs/install/imu_msgs/share/imu_msgs/hook/ld_library_path_lib.dsv'
[4.196s] INFO:colcon.colcon_core.shell:Creating environment hook '/home/shucdong/workspace/xl/imu_parser/imu_msgs/install/imu_msgs/share/imu_msgs/hook/ld_library_path_lib.sh'
[4.196s] Level 1:colcon.colcon_core.environment:checking '/home/shucdong/workspace/xl/imu_parser/imu_msgs/install/imu_msgs/bin'
[4.196s] Level 1:colcon.colcon_core.environment:checking '/home/shucdong/workspace/xl/imu_parser/imu_msgs/install/imu_msgs/lib/pkgconfig/imu_msgs.pc'
[4.197s] Level 1:colcon.colcon_core.environment:checking '/home/shucdong/workspace/xl/imu_parser/imu_msgs/install/imu_msgs/lib/python3.10/site-packages'
[4.197s] Level 1:colcon.colcon_core.environment:checking '/home/shucdong/workspace/xl/imu_parser/imu_msgs/install/imu_msgs/bin'
[4.197s] INFO:colcon.colcon_core.shell:Creating package script '/home/shucdong/workspace/xl/imu_parser/imu_msgs/install/imu_msgs/share/imu_msgs/package.ps1'
[4.197s] INFO:colcon.colcon_core.shell:Creating package descriptor '/home/shucdong/workspace/xl/imu_parser/imu_msgs/install/imu_msgs/share/imu_msgs/package.dsv'
[4.198s] INFO:colcon.colcon_core.shell:Creating package script '/home/shucdong/workspace/xl/imu_parser/imu_msgs/install/imu_msgs/share/imu_msgs/package.sh'
[4.198s] INFO:colcon.colcon_core.shell:Creating package script '/home/shucdong/workspace/xl/imu_parser/imu_msgs/install/imu_msgs/share/imu_msgs/package.bash'
[4.199s] INFO:colcon.colcon_core.shell:Creating package script '/home/shucdong/workspace/xl/imu_parser/imu_msgs/install/imu_msgs/share/imu_msgs/package.zsh'
[4.199s] Level 1:colcon.colcon_core.environment:create_file_with_runtime_dependencies(/home/shucdong/workspace/xl/imu_parser/imu_msgs/install/imu_msgs/share/colcon-core/packages/imu_msgs)
[4.199s] Level 1:colcon.colcon_core.environment:create_environment_scripts_only(imu_msgs)
[4.199s] Level 1:colcon.colcon_core.environment:checking '/home/shucdong/workspace/xl/imu_parser/imu_msgs/install/imu_msgs' for CMake module files
[4.199s] Level 1:colcon.colcon_core.environment:checking '/home/shucdong/workspace/xl/imu_parser/imu_msgs/install/imu_msgs' for CMake config files
[4.200s] Level 1:colcon.colcon_core.shell:create_environment_hook('imu_msgs', 'cmake_prefix_path')
[4.200s] INFO:colcon.colcon_core.shell:Creating environment hook '/home/shucdong/workspace/xl/imu_parser/imu_msgs/install/imu_msgs/share/imu_msgs/hook/cmake_prefix_path.ps1'
[4.200s] INFO:colcon.colcon_core.shell:Creating environment descriptor '/home/shucdong/workspace/xl/imu_parser/imu_msgs/install/imu_msgs/share/imu_msgs/hook/cmake_prefix_path.dsv'
[4.200s] INFO:colcon.colcon_core.shell:Creating environment hook '/home/shucdong/workspace/xl/imu_parser/imu_msgs/install/imu_msgs/share/imu_msgs/hook/cmake_prefix_path.sh'
[4.200s] Level 1:colcon.colcon_core.environment:checking '/home/shucdong/workspace/xl/imu_parser/imu_msgs/install/imu_msgs/lib'
[4.200s] Level 1:colcon.colcon_core.shell:create_environment_hook('imu_msgs', 'ld_library_path_lib')
[4.201s] INFO:colcon.colcon_core.shell:Creating environment hook '/home/shucdong/workspace/xl/imu_parser/imu_msgs/install/imu_msgs/share/imu_msgs/hook/ld_library_path_lib.ps1'
[4.201s] INFO:colcon.colcon_core.shell:Creating environment descriptor '/home/shucdong/workspace/xl/imu_parser/imu_msgs/install/imu_msgs/share/imu_msgs/hook/ld_library_path_lib.dsv'
[4.201s] INFO:colcon.colcon_core.shell:Creating environment hook '/home/shucdong/workspace/xl/imu_parser/imu_msgs/install/imu_msgs/share/imu_msgs/hook/ld_library_path_lib.sh'
[4.201s] Level 1:colcon.colcon_core.environment:checking '/home/shucdong/workspace/xl/imu_parser/imu_msgs/install/imu_msgs/bin'
[4.201s] Level 1:colcon.colcon_core.environment:checking '/home/shucdong/workspace/xl/imu_parser/imu_msgs/install/imu_msgs/lib/pkgconfig/imu_msgs.pc'
[4.201s] Level 1:colcon.colcon_core.environment:checking '/home/shucdong/workspace/xl/imu_parser/imu_msgs/install/imu_msgs/lib/python3.10/site-packages'
[4.201s] Level 1:colcon.colcon_core.environment:checking '/home/shucdong/workspace/xl/imu_parser/imu_msgs/install/imu_msgs/bin'
[4.201s] INFO:colcon.colcon_core.shell:Creating package script '/home/shucdong/workspace/xl/imu_parser/imu_msgs/install/imu_msgs/share/imu_msgs/package.ps1'
[4.202s] INFO:colcon.colcon_core.shell:Creating package descriptor '/home/shucdong/workspace/xl/imu_parser/imu_msgs/install/imu_msgs/share/imu_msgs/package.dsv'
[4.202s] INFO:colcon.colcon_core.shell:Creating package script '/home/shucdong/workspace/xl/imu_parser/imu_msgs/install/imu_msgs/share/imu_msgs/package.sh'
[4.202s] INFO:colcon.colcon_core.shell:Creating package script '/home/shucdong/workspace/xl/imu_parser/imu_msgs/install/imu_msgs/share/imu_msgs/package.bash'
[4.202s] INFO:colcon.colcon_core.shell:Creating package script '/home/shucdong/workspace/xl/imu_parser/imu_msgs/install/imu_msgs/share/imu_msgs/package.zsh'
[4.202s] Level 1:colcon.colcon_core.environment:create_file_with_runtime_dependencies(/home/shucdong/workspace/xl/imu_parser/imu_msgs/install/imu_msgs/share/colcon-core/packages/imu_msgs)
[4.202s] DEBUG:colcon.colcon_parallel_executor.executor.parallel:closing loop
[4.203s] DEBUG:colcon.colcon_parallel_executor.executor.parallel:loop closed
[4.203s] DEBUG:colcon.colcon_parallel_executor.executor.parallel:run_until_complete finished with '0'
[4.203s] DEBUG:colcon.colcon_core.event_reactor:joining thread
[4.205s] INFO:colcon.colcon_core.plugin_system:Skipping extension 'colcon_notification.desktop_notification.terminal_notifier': Not used on non-Darwin systems
[4.205s] INFO:colcon.colcon_core.plugin_system:Skipping extension 'colcon_notification.desktop_notification.win32': Not used on non-Windows systems
[4.205s] INFO:colcon.colcon_notification.desktop_notification:Sending desktop notification using 'notify2'
[4.213s] DEBUG:colcon.colcon_core.event_reactor:joined thread
[4.213s] INFO:colcon.colcon_core.shell:Creating prefix script '/home/shucdong/workspace/xl/imu_parser/imu_msgs/install/local_setup.ps1'
[4.213s] INFO:colcon.colcon_core.shell:Creating prefix util module '/home/shucdong/workspace/xl/imu_parser/imu_msgs/install/_local_setup_util_ps1.py'
[4.214s] INFO:colcon.colcon_core.shell:Creating prefix chain script '/home/shucdong/workspace/xl/imu_parser/imu_msgs/install/setup.ps1'
[4.214s] INFO:colcon.colcon_core.shell:Creating prefix script '/home/shucdong/workspace/xl/imu_parser/imu_msgs/install/local_setup.sh'
[4.215s] INFO:colcon.colcon_core.shell:Creating prefix util module '/home/shucdong/workspace/xl/imu_parser/imu_msgs/install/_local_setup_util_sh.py'
[4.215s] INFO:colcon.colcon_core.shell:Creating prefix chain script '/home/shucdong/workspace/xl/imu_parser/imu_msgs/install/setup.sh'
[4.215s] INFO:colcon.colcon_core.shell:Creating prefix script '/home/shucdong/workspace/xl/imu_parser/imu_msgs/install/local_setup.bash'
[4.215s] INFO:colcon.colcon_core.shell:Creating prefix chain script '/home/shucdong/workspace/xl/imu_parser/imu_msgs/install/setup.bash'
[4.216s] INFO:colcon.colcon_core.shell:Creating prefix script '/home/shucdong/workspace/xl/imu_parser/imu_msgs/install/local_setup.zsh'
[4.216s] INFO:colcon.colcon_core.shell:Creating prefix chain script '/home/shucdong/workspace/xl/imu_parser/imu_msgs/install/setup.zsh'
